<?xml version="1.0" encoding="UTF-8"?>
<!-- Generated by org.testng.reporters.JUnitReportReporter -->
<testsuite hostname="DESKTOP-7B1O3SH" failures="0" tests="4" name="com.saucedemo.testclasses.TC03toclick1product" time="2.654" errors="0" timestamp="2022-05-30T16:16:43 IST" skipped="0">
  <testcase classname="com.saucedemo.testclasses.TC03toclick1product" name="clicksingleproduct" time="0.687"/>
  <system-out/>
  <testcase classname="com.saucedemo.testclasses.TC03toclick1product" name="clicksingleproduct" time="0.612"/>
  <system-out/>
  <testcase classname="com.saucedemo.testclasses.TC03toclick1product" name="clicksingleproduct" time="0.680"/>
  <system-out/>
  <testcase classname="com.saucedemo.testclasses.TC03toclick1product" name="clicksingleproduct" time="0.675"/>
  <system-out/>
</testsuite> <!-- com.saucedemo.testclasses.TC03toclick1product -->
