<?xml version="1.0" encoding="UTF-8"?>
<!-- Generated by org.testng.reporters.JUnitReportReporter -->
<testsuite hostname="DESKTOP-7B1O3SH" failures="0" tests="1" name="com.saucedemo.testclasses.TC04ClickOnMultiplaProducts" time="3.690" errors="0" timestamp="2022-05-30T16:16:43 IST" skipped="0">
  <testcase classname="com.saucedemo.testclasses.TC04ClickOnMultiplaProducts" name="multipleproduct" time="3.690"/>
  <system-out/>
</testsuite> <!-- com.saucedemo.testclasses.TC04ClickOnMultiplaProducts -->
