<?xml version="1.0" encoding="UTF-8"?>
<!-- Generated by org.testng.reporters.JUnitReportReporter -->
<testsuite hostname="DESKTOP-7B1O3SH" failures="0" tests="1" name="com.saucedemo.testclasses.TC02CheckFilter" time="3.068" errors="0" timestamp="2022-05-30T14:01:25 IST" skipped="0">
  <testcase classname="com.saucedemo.testclasses.TC02CheckFilter" name="filterfunctionlity" time="3.068"/>
  <system-out/>
</testsuite> <!-- com.saucedemo.testclasses.TC02CheckFilter -->
