<?xml version="1.0" encoding="UTF-8"?>
<!-- Generated by org.testng.reporters.JUnitReportReporter -->
<testsuite hostname="DESKTOP-7B1O3SH" failures="0" tests="1" name="com.saucedemo.testclassesnew.TC02CheckFilterPractice" time="6.314" errors="0" timestamp="2022-05-30T15:31:50 IST" skipped="0">
  <testcase classname="com.saucedemo.testclassesnew.TC02CheckFilterPractice" name="filterfunctionlity" time="6.314"/>
  <system-out/>
</testsuite> <!-- com.saucedemo.testclassesnew.TC02CheckFilterPractice -->
